<?xml version="1.0" encoding="UTF-8"?>
<!-- Generated by org.testng.reporters.JUnitXMLReporter -->
<testsuite ignored="0" hostname="Pops" failures="0" tests="4" name="Test" time="73.872" errors="0" timestamp="2026-06-16T07:59:12 IST">
  <testcase classname="com.test.SeleniumTest" name="testGetRequest" time="26.717"/>
  <testcase classname="com.test.ApivalidationTest" name="validateUserData" time="2.288"/>
  <testcase classname="com.test.CreateuserTest" name="createUser" time="22.962"/>
  <testcase classname="com.test.GetuserTest" name="getUserData" time="21.724"/>
</testsuite> <!-- Test -->
