<?xml version="1.0" encoding="UTF-8"?>
<testng-results ignored="0" total="1" passed="1" failed="0" skipped="0">
  <reporter-output>
  </reporter-output>
  <suite started-at="2026-06-16T22:15:54 IST" name="Default suite" finished-at="2026-06-16T22:15:57 IST" duration-ms="3713">
    <groups>
    </groups>
    <test started-at="2026-06-16T22:15:54 IST" name="Default test" finished-at="2026-06-16T22:15:57 IST" duration-ms="3713">
      <class name="restassure.Delete">
        <test-method signature="delete_trainee()[pri:0, instance:restassure.Delete@2a65fe7c]" started-at="2026-06-16T22:15:54 IST" name="delete_trainee" finished-at="2026-06-16T22:15:57 IST" duration-ms="3623" status="PASS">
          <reporter-output>
          </reporter-output>
        </test-method> <!-- delete_trainee -->
      </class> <!-- restassure.Delete -->
    </test> <!-- Default test -->
  </suite> <!-- Default suite -->
</testng-results>
